2023-12-21T09:28:14.394+09:00  INFO 5568 --- [restartedMain] com.bs.firstboot.HelloBootApplication    : Starting HelloBootApplication using Java 17.0.8.1 with PID 5568 (C:\Users\rudgu\bootwork\HelloBoot\target\classes started by rudgu in C:\Users\rudgu\bootwork\HelloBoot)
2023-12-21T09:28:14.394+09:00 DEBUG 5568 --- [restartedMain] com.bs.firstboot.HelloBootApplication    : Running with Spring Boot v3.2.0, Spring v6.1.1
2023-12-21T09:28:14.394+09:00  INFO 5568 --- [restartedMain] com.bs.firstboot.HelloBootApplication    : No active profile set, falling back to 1 default profile: "default"
2023-12-21T09:28:14.476+09:00  INFO 5568 --- [restartedMain] .s.d.r.c.RepositoryConfigurationDelegate : Bootstrapping Spring Data JDBC repositories in DEFAULT mode.
2023-12-21T09:28:14.480+09:00  INFO 5568 --- [restartedMain] .s.d.r.c.RepositoryConfigurationDelegate : Finished Spring Data repository scanning in 2 ms. Found 0 JDBC repository interfaces.
2023-12-21T09:28:14.522+09:00  INFO 5568 --- [restartedMain] o.s.b.w.embedded.tomcat.TomcatWebServer  : Tomcat initialized with port 9090 (http)
2023-12-21T09:28:14.522+09:00  INFO 5568 --- [restartedMain] o.apache.catalina.core.StandardService   : Starting service [Tomcat]
2023-12-21T09:28:14.522+09:00  INFO 5568 --- [restartedMain] o.apache.catalina.core.StandardEngine    : Starting Servlet engine: [Apache Tomcat/10.1.16]
2023-12-21T09:28:14.556+09:00  INFO 5568 --- [restartedMain] org.apache.jasper.servlet.TldScanner     : At least one JAR was scanned for TLDs yet contained no TLDs. Enable debug logging for this logger for a complete list of JARs that were scanned but no TLDs were found in them. Skipping unneeded JARs during scanning can improve startup time and JSP compilation time.
2023-12-21T09:28:14.557+09:00  INFO 5568 --- [restartedMain] o.a.c.c.C.[Tomcat].[localhost].[/]       : Initializing Spring embedded WebApplicationContext
2023-12-21T09:28:14.557+09:00  INFO 5568 --- [restartedMain] w.s.c.ServletWebServerApplicationContext : Root WebApplicationContext: initialization completed in 162 ms
2023-12-21T09:28:14.584+09:00  INFO 5568 --- [restartedMain] o.s.b.a.w.s.WelcomePageHandlerMapping    : Adding welcome page template: index
2023-12-21T09:28:14.615+09:00  INFO 5568 --- [restartedMain] com.zaxxer.hikari.HikariDataSource       : HikariPool-5 - Starting...
2023-12-21T09:28:14.615+09:00  WARN 5568 --- [restartedMain] c.zaxxer.hikari.util.DriverDataSource    : Registered driver with driverClassName=oracle.jdbc.driver.OracleDriver was not found, trying direct instantiation.
2023-12-21T09:28:14.663+09:00  INFO 5568 --- [restartedMain] com.zaxxer.hikari.pool.HikariPool        : HikariPool-5 - Added connection oracle.jdbc.driver.T4CConnection@11599169
2023-12-21T09:28:14.663+09:00  INFO 5568 --- [restartedMain] com.zaxxer.hikari.HikariDataSource       : HikariPool-5 - Start completed.
2023-12-21T09:28:14.671+09:00  INFO 5568 --- [restartedMain] o.s.b.d.a.OptionalLiveReloadServer       : LiveReload server is running on port 35729
2023-12-21T09:28:14.678+09:00  INFO 5568 --- [restartedMain] o.s.b.w.embedded.tomcat.TomcatWebServer  : Tomcat started on port 9090 (http) with context path ''
2023-12-21T09:28:14.682+09:00  INFO 5568 --- [restartedMain] com.bs.firstboot.HelloBootApplication    : Started HelloBootApplication in 0.32 seconds (process running for 386.663)
2023-12-21T09:28:14.683+09:00  INFO 5568 --- [restartedMain] .ConditionEvaluationDeltaLoggingListener : Condition evaluation unchanged
2023-12-21T09:35:44.614+09:00  INFO 5568 --- [File Watcher] rtingClassPathChangeChangedEventListener : Restarting due to 1 class path change (1 addition, 0 deletions, 0 modifications)
2023-12-21T09:35:44.626+09:00  INFO 5568 --- [Thread-21] com.zaxxer.hikari.HikariDataSource       : HikariPool-5 - Shutdown initiated...
2023-12-21T09:35:44.632+09:00  INFO 5568 --- [Thread-21] com.zaxxer.hikari.HikariDataSource       : HikariPool-5 - Shutdown completed.
